<?xml version="1.0" encoding="UTF-8"?>
<testsuite name="com.perfumepedia.PerfumePedia.Domain.BrandDomainTest" tests="1" skipped="0" failures="0" errors="0" timestamp="2023-11-13T06:10:05" hostname="argo-MacBookAir.local" time="0.089">
  <properties/>
  <testcase name="브랜드_기본생성자_오류" classname="com.perfumepedia.PerfumePedia.Domain.BrandDomainTest" time="0.089"/>
  <system-out><![CDATA[15:10:04.388 [Test worker] DEBUG org.springframework.test.annotation.ProfileValueUtils -- Retrieved @ProfileValueSourceConfiguration [null] for test class [com.perfumepedia.PerfumePedia.Domain.BrandDomainTest]
15:10:04.388 [Test worker] DEBUG org.springframework.test.annotation.ProfileValueUtils -- Retrieved ProfileValueSource type [class org.springframework.test.annotation.SystemProfileValueSource] for class [com.perfumepedia.PerfumePedia.Domain.BrandDomainTest]
15:10:04.388 [Test worker] DEBUG org.springframework.test.annotation.ProfileValueUtils -- Retrieved @ProfileValueSourceConfiguration [null] for test class [com.perfumepedia.PerfumePedia.Domain.BrandDomainTest]
15:10:04.389 [Test worker] DEBUG org.springframework.test.annotation.ProfileValueUtils -- Retrieved ProfileValueSource type [class org.springframework.test.annotation.SystemProfileValueSource] for class [com.perfumepedia.PerfumePedia.Domain.BrandDomainTest]
15:10:04.390 [Test worker] DEBUG org.springframework.test.context.support.DirtiesContextBeforeModesTestExecutionListener -- Before test class: class [BrandDomainTest], class annotated with @DirtiesContext [false] with mode [null]
15:10:04.391 [Test worker] DEBUG org.springframework.test.annotation.ProfileValueUtils -- Retrieved @ProfileValueSourceConfiguration [null] for test class [com.perfumepedia.PerfumePedia.Domain.BrandDomainTest]
15:10:04.391 [Test worker] DEBUG org.springframework.test.annotation.ProfileValueUtils -- Retrieved ProfileValueSource type [class org.springframework.test.annotation.SystemProfileValueSource] for class [com.perfumepedia.PerfumePedia.Domain.BrandDomainTest]

  .   ____          _            __ _ _
 /\\ / ___'_ __ _ _(_)_ __  __ _ \ \ \ \
( ( )\___ | '_ | '_| | '_ \/ _` | \ \ \ \
 \\/  ___)| |_)| | | | | || (_| |  ) ) ) )
  '  |____| .__|_| |_|_| |_\__, | / / / /
 =========|_|==============|___/=/_/_/_/
 :: Spring Boot ::               (v3.0.12)

2023-11-13T15:10:04.533+09:00  INFO 56819 --- [    Test worker] c.p.PerfumePedia.Domain.BrandDomainTest  : Starting BrandDomainTest using Java 17.0.6 with PID 56819 (started by argo in /Users/argo/workspace/PERFUEM_PROJECT/perfumepedia-backend)
2023-11-13T15:10:04.533+09:00  INFO 56819 --- [    Test worker] c.p.PerfumePedia.Domain.BrandDomainTest  : No active profile set, falling back to 1 default profile: "default"
2023-11-13T15:10:04.852+09:00  INFO 56819 --- [    Test worker] .s.d.r.c.RepositoryConfigurationDelegate : Bootstrapping Spring Data JPA repositories in DEFAULT mode.
2023-11-13T15:10:04.861+09:00  INFO 56819 --- [    Test worker] .s.d.r.c.RepositoryConfigurationDelegate : Finished Spring Data repository scanning in 5 ms. Found 0 JPA repository interfaces.
2023-11-13T15:10:05.022+09:00  INFO 56819 --- [    Test worker] com.zaxxer.hikari.HikariDataSource       : HikariPool-1 - Starting...
2023-11-13T15:10:05.104+09:00  INFO 56819 --- [    Test worker] com.zaxxer.hikari.pool.HikariPool        : HikariPool-1 - Added connection conn0: url=jdbc:h2:mem:564ebad1-579d-425f-a718-6a768c85828e user=SA
2023-11-13T15:10:05.105+09:00  INFO 56819 --- [    Test worker] com.zaxxer.hikari.HikariDataSource       : HikariPool-1 - Start completed.
2023-11-13T15:10:05.125+09:00  INFO 56819 --- [    Test worker] o.hibernate.jpa.internal.util.LogHelper  : HHH000204: Processing PersistenceUnitInfo [name: default]
2023-11-13T15:10:05.149+09:00  INFO 56819 --- [    Test worker] org.hibernate.Version                    : HHH000412: Hibernate ORM core version 6.1.7.Final
2023-11-13T15:10:05.264+09:00  INFO 56819 --- [    Test worker] SQL dialect                              : HHH000400: Using dialect: org.hibernate.dialect.H2Dialect
2023-11-13T15:10:05.547+09:00 DEBUG 56819 --- [    Test worker] org.hibernate.SQL                        : drop table if exists brand cascade 
2023-11-13T15:10:05.549+09:00 DEBUG 56819 --- [    Test worker] org.hibernate.SQL                        : create table brand (brand_id bigint generated by default as identity, created_at date, updated_at date, name varchar(255), url varchar(255), primary key (brand_id))
2023-11-13T15:10:05.554+09:00  INFO 56819 --- [    Test worker] o.h.e.t.j.p.i.JtaPlatformInitiator       : HHH000490: Using JtaPlatform implementation: [org.hibernate.engine.transaction.jta.platform.internal.NoJtaPlatform]
2023-11-13T15:10:05.557+09:00  INFO 56819 --- [    Test worker] j.LocalContainerEntityManagerFactoryBean : Initialized JPA EntityManagerFactory for persistence unit 'default'
2023-11-13T15:10:05.631+09:00  WARN 56819 --- [    Test worker] JpaBaseConfiguration$JpaWebConfiguration : spring.jpa.open-in-view is enabled by default. Therefore, database queries may be performed during view rendering. Explicitly configure spring.jpa.open-in-view to disable this warning
2023-11-13T15:10:05.752+09:00  WARN 56819 --- [    Test worker] ion$DefaultTemplateResolverConfiguration : Cannot find template location: classpath:/templates/ (please add some templates, check your Thymeleaf configuration, or set spring.thymeleaf.check-template-location=false)
2023-11-13T15:10:05.802+09:00  INFO 56819 --- [    Test worker] c.p.PerfumePedia.Domain.BrandDomainTest  : Started BrandDomainTest in 1.376 seconds (process running for 1.97)
]]></system-out>
  <system-err><![CDATA[]]></system-err>
</testsuite>
